[0.223s] Invoking command in '/home/abubakar/nao_drive/naodriver': AMENT_PREFIX_PATH=/home/abubakar/nao_drive/naodriver/install/naodriver:${AMENT_PREFIX_PATH} PYTEST_ADDOPTS=--tb=short --junit-xml=/home/abubakar/nao_drive/naodriver/build/naodriver/pytest.xml --junit-prefix=naodriver -o cache_dir=/home/abubakar/nao_drive/naodriver/build/naodriver/.pytest_cache PYTHONPATH=/home/abubakar/nao_drive/naodriver/install/naodriver/lib/python3.10/site-packages:${PYTHONPATH} /usr/bin/python3 -m pytest
[0.976s] [1m============================= test session starts ==============================[0m
[0.976s] platform linux -- Python 3.10.6, pytest-6.2.5, py-1.10.0, pluggy-0.13.0
[0.982s] cachedir: build/naodriver/.pytest_cache
[0.982s] rootdir: /home/abubakar/nao_drive/naodriver
[0.982s] plugins: ament-lint-0.12.5, launch-testing-1.0.4, ament-pep257-0.12.5, ament-flake8-0.12.5, ament-xmllint-0.12.5, ament-copyright-0.12.5, launch-testing-ros-0.19.4, colcon-core-0.11.0, cov-3.0.0
[1.300s] [1mcollecting ... [0m[1m
[1.300s] collected 3 items                                                              [0m
[1.300s] 
[1.306s] test/test_copyright.py [33ms[0m[32m                                                 [ 33%][0m
[1.539s] test/test_flake8.py [31mF[0m[31m                                                    [ 66%][0m
[1.614s] test/test_pep257.py [32m.[0m[31m                                                    [100%][0m
[1.614s] 
[1.614s] =================================== FAILURES ===================================
[1.614s] [31m[1m_________________________________ test_flake8 __________________________________[0m
[1.614s] [1m[31mtest/test_flake8.py[0m:23: in test_flake8
[1.676s]     [94massert[39;49;00m rc == [94m0[39;49;00m, \
[1.676s] [1m[31mE   AssertionError: Found 34 code style errors / warnings:[0m
[1.677s] [1m[31mE     ./setup.py:8:49: E231 missing whitespace after ','[0m
[1.677s] [1m[31mE     ./setup.py:17:100: E501 line too long (106 > 99 characters)[0m
[1.677s] [1m[31mE     ./setup.py:24:27: W291 trailing whitespace[0m
[1.677s] [1m[31mE     ./setup.py:33:43: E231 missing whitespace after ':'[0m
[1.677s] [1m[31mE     ./naodriver/my_robot_driver.py:5:1: E303 too many blank lines (3)[0m
[1.677s] [1m[31mE     ./naodriver/my_robot_driver.py:13:5: E303 too many blank lines (2)[0m
[1.678s] [1m[31mE     ./naodriver/my_robot_driver.py:14:52: W292 no newline at end of file[0m
[1.678s] [1m[31mE     ./install/_local_setup_util_sh.py:14:100: E501 line too long (109 > 99 characters)[0m
[1.678s] [1m[31mE     ./install/_local_setup_util_sh.py:15:100: E501 line too long (124 > 99 characters)[0m
[1.678s] [1m[31mE     ./install/_local_setup_util_sh.py:16:100: E501 line too long (125 > 99 characters)[0m
[1.678s] [1m[31mE     ./install/naodriver/lib/python3.10/site-packages/naodriver/my_robot_driver.py:5:1: E303 too many blank lines (3)[0m
[1.678s] [1m[31mE     ./install/naodriver/lib/python3.10/site-packages/naodriver/my_robot_driver.py:13:5: E303 too many blank lines (2)[0m
[1.678s] [1m[31mE     ./install/naodriver/lib/python3.10/site-packages/naodriver/my_robot_driver.py:14:52: W292 no newline at end of file[0m
[1.678s] [1m[31mE     ./install/naodriver/share/naodriver/robot_launch.py:1:10: W291 trailing whitespace[0m
[1.679s] [1m[31mE     ./install/naodriver/share/naodriver/robot_launch.py:22:10: W291 trailing whitespace[0m
[1.679s] [1m[31mE     ./install/naodriver/share/naodriver/robot_launch.py:25:13: W291 trailing whitespace[0m
[1.679s] [1m[31mE     ./install/naodriver/share/naodriver/robot_launch.py:32:1: E303 too many blank lines (4)[0m
[1.679s] [1m[31mE     ./install/naodriver/share/naodriver/robot_launch.py:34:5: F841 local variable 'robot_description' is assigned to but never used[0m
[1.679s] [1m[31mE     ./install/naodriver/share/naodriver/robot_launch.py:37:5: E303 too many blank lines (2)[0m
[1.679s] [1m[31mE     ./install/naodriver/share/naodriver/robot_launch.py:44:5: E303 too many blank lines (2)[0m
[1.679s] [1m[31mE     ./install/naodriver/share/naodriver/robot_launch.py:46:1: W293 blank line contains whitespace[0m
[1.679s] [1m[31mE     ./install/naodriver/share/naodriver/robot_launch.py:54:26: W292 no newline at end of file[0m
[1.680s] [1m[31mE     ./launch/robot_launch.py:1:10: W291 trailing whitespace[0m
[1.680s] [1m[31mE     ./launch/robot_launch.py:22:10: W291 trailing whitespace[0m
[1.680s] [1m[31mE     ./launch/robot_launch.py:25:13: W291 trailing whitespace[0m
[1.680s] [1m[31mE     ./launch/robot_launch.py:32:1: E303 too many blank lines (4)[0m
[1.680s] [1m[31mE     ./launch/robot_launch.py:34:5: F841 local variable 'robot_description' is assigned to but never used[0m
[1.680s] [1m[31mE     ./launch/robot_launch.py:37:5: E303 too many blank lines (2)[0m
[1.680s] [1m[31mE     ./launch/robot_launch.py:44:5: E303 too many blank lines (2)[0m
[1.680s] [1m[31mE     ./launch/robot_launch.py:46:1: W293 blank line contains whitespace[0m
[1.680s] [1m[31mE     ./launch/robot_launch.py:54:26: W292 no newline at end of file[0m
[1.681s] [1m[31mE     ./build/naodriver/build/lib/naodriver/my_robot_driver.py:5:1: E303 too many blank lines (3)[0m
[1.681s] [1m[31mE     ./build/naodriver/build/lib/naodriver/my_robot_driver.py:13:5: E303 too many blank lines (2)[0m
[1.681s] [1m[31mE     ./build/naodriver/build/lib/naodriver/my_robot_driver.py:14:52: W292 no newline at end of file[0m
[1.681s] [1m[31mE   assert 1 == 0[0m
[1.681s] ----------------------------- Captured stdout call -----------------------------
[1.681s] 
[1.681s] ./setup.py:8:49: E231 missing whitespace after ','
[1.681s]     ('share/ament_index/resource_index/packages',['resource/' + package_name]),
[1.681s]                                                 ^
[1.681s] 
[1.682s] ./setup.py:17:100: E501 line too long (106 > 99 characters)
[1.682s]             data_files.append((os.path.join('share', package_name, path), [os.path.join(path, filename)]))
[1.682s]                                                                                                    ^
[1.682s] 
[1.682s] ./setup.py:24:27: W291 trailing whitespace
[1.682s]     data_files=data_files,   
[1.682s]                           ^
[1.682s] 
[1.682s] ./setup.py:33:43: E231 missing whitespace after ':'
[1.682s]         'launch.frontend.launch_extension':['launch_ros = launch_ros']
[1.682s]                                           ^
[1.683s] 
[1.683s] ./naodriver/my_robot_driver.py:5:1: E303 too many blank lines (3)
[1.683s] class MyRobotDriver:
[1.683s] ^
[1.683s] 
[1.683s] ./naodriver/my_robot_driver.py:13:5: E303 too many blank lines (2)
[1.683s]     def step(self):
[1.683s]     ^
[1.683s] 
[1.683s] ./naodriver/my_robot_driver.py:14:52: W292 no newline at end of file
[1.684s]         rclpy.spin_once(self.__node, timeout_sec=0)                                                   ^
[1.684s] 
[1.684s] ./install/_local_setup_util_sh.py:14:100: E501 line too long (109 > 99 characters)
[1.684s] FORMAT_STR_INVOKE_SCRIPT = 'COLCON_CURRENT_PREFIX="{prefix}" _colcon_prefix_sh_source_script "{script_path}"'
[1.684s]                                                                                                    ^
[1.684s] 
[1.684s] ./install/_local_setup_util_sh.py:15:100: E501 line too long (124 > 99 characters)
[1.684s] FORMAT_STR_REMOVE_LEADING_SEPARATOR = 'if [ "$(echo -n ${name} | head -c 1)" = ":" ]; then export {name}=${{{name}#?}} ; fi'
[1.684s]                                                                                                    ^
[1.684s] 
[1.684s] ./install/_local_setup_util_sh.py:16:100: E501 line too long (125 > 99 characters)
[1.685s] FORMAT_STR_REMOVE_TRAILING_SEPARATOR = 'if [ "$(echo -n ${name} | tail -c 1)" = ":" ]; then export {name}=${{{name}%?}} ; fi'
[1.685s]                                                                                                    ^
[1.685s] 
[1.685s] ./install/naodriver/lib/python3.10/site-packages/naodriver/my_robot_driver.py:5:1: E303 too many blank lines (3)
[1.685s] class MyRobotDriver:
[1.685s] ^
[1.685s] 
[1.685s] ./install/naodriver/lib/python3.10/site-packages/naodriver/my_robot_driver.py:13:5: E303 too many blank lines (2)
[1.685s]     def step(self):
[1.685s]     ^
[1.686s] 
[1.686s] ./install/naodriver/lib/python3.10/site-packages/naodriver/my_robot_driver.py:14:52: W292 no newline at end of file
[1.686s]         rclpy.spin_once(self.__node, timeout_sec=0)                                                   ^
[1.686s] 
[1.686s] ./install/naodriver/share/naodriver/robot_launch.py:1:10: W291 trailing whitespace
[1.686s] import os 
[1.686s]          ^
[1.686s] 
[1.686s] ./install/naodriver/share/naodriver/robot_launch.py:22:10: W291 trailing whitespace
[1.686s]         ] 
[1.686s]          ^
[1.686s] 
[1.686s] ./install/naodriver/share/naodriver/robot_launch.py:25:13: W291 trailing whitespace
[1.687s]     return [ 
[1.687s]             ^
[1.687s] 
[1.687s] ./install/naodriver/share/naodriver/robot_launch.py:32:1: E303 too many blank lines (4)
[1.687s] def generate_launch_description():
[1.687s] ^
[1.687s] 
[1.687s] ./install/naodriver/share/naodriver/robot_launch.py:34:5: F841 local variable 'robot_description' is assigned to but never used
[1.687s]     robot_description = pathlib.Path(os.path.join(package_dir, 'resource', 'nao.urdf'))
[1.687s]     ^
[1.687s] 
[1.687s] ./install/naodriver/share/naodriver/robot_launch.py:37:5: E303 too many blank lines (2)
[1.688s]     webots = WebotsLauncher(
[1.688s]     ^
[1.688s] 
[1.688s] ./install/naodriver/share/naodriver/robot_launch.py:44:5: E303 too many blank lines (2)
[1.688s]     return LaunchDescription([
[1.688s]     ^
[1.688s] 
[1.688s] ./install/naodriver/share/naodriver/robot_launch.py:46:1: W293 blank line contains whitespace
[1.688s]         
[1.688s] ^
[1.688s] 
[1.688s] ./install/naodriver/share/naodriver/robot_launch.py:54:26: W292 no newline at end of file
[1.688s]     ] + get_ros2_nodes())                         ^
[1.689s] 
[1.689s] ./launch/robot_launch.py:1:10: W291 trailing whitespace
[1.689s] import os 
[1.689s]          ^
[1.689s] 
[1.689s] ./launch/robot_launch.py:22:10: W291 trailing whitespace
[1.689s]         ] 
[1.689s]          ^
[1.689s] 
[1.689s] ./launch/robot_launch.py:25:13: W291 trailing whitespace
[1.689s]     return [ 
[1.689s]             ^
[1.689s] 
[1.690s] ./launch/robot_launch.py:32:1: E303 too many blank lines (4)
[1.690s] def generate_launch_description():
[1.690s] ^
[1.690s] 
[1.690s] ./launch/robot_launch.py:34:5: F841 local variable 'robot_description' is assigned to but never used
[1.690s]     robot_description = pathlib.Path(os.path.join(package_dir, 'resource', 'nao.urdf'))
[1.690s]     ^
[1.690s] 
[1.690s] ./launch/robot_launch.py:37:5: E303 too many blank lines (2)
[1.690s]     webots = WebotsLauncher(
[1.690s]     ^
[1.690s] 
[1.691s] ./launch/robot_launch.py:44:5: E303 too many blank lines (2)
[1.691s]     return LaunchDescription([
[1.691s]     ^
[1.691s] 
[1.691s] ./launch/robot_launch.py:46:1: W293 blank line contains whitespace
[1.691s]         
[1.691s] ^
[1.691s] 
[1.691s] ./launch/robot_launch.py:54:26: W292 no newline at end of file
[1.691s]     ] + get_ros2_nodes())                         ^
[1.691s] 
[1.691s] ./build/naodriver/build/lib/naodriver/my_robot_driver.py:5:1: E303 too many blank lines (3)
[1.691s] class MyRobotDriver:
[1.691s] ^
[1.691s] 
[1.692s] ./build/naodriver/build/lib/naodriver/my_robot_driver.py:13:5: E303 too many blank lines (2)
[1.692s]     def step(self):
[1.692s]     ^
[1.692s] 
[1.692s] ./build/naodriver/build/lib/naodriver/my_robot_driver.py:14:52: W292 no newline at end of file
[1.692s]         rclpy.spin_once(self.__node, timeout_sec=0)                                                   ^
[1.692s] 
[1.692s] 2     E231 missing whitespace after ','
[1.692s] 12    E303 too many blank lines (3)
[1.692s] 4     E501 line too long (109 > 99 characters)
[1.692s] 2     F841 local variable 'robot_description' is assigned to but never used
[1.692s] 7     W291 trailing whitespace
[1.692s] 5     W292 no newline at end of file
[1.692s] 2     W293 blank line contains whitespace
[1.692s] 
[1.693s] 15 files checked
[1.693s] 34 errors
[1.693s] 
[1.693s] 'E'-type errors: 18
[1.693s] 'F'-type errors: 2
[1.693s] 'W'-type errors: 14
[1.693s] 
[1.693s] Checked files:
[1.693s] 
[1.693s] * ./setup.py
[1.693s] * ./test/test_flake8.py
[1.693s] * ./test/test_copyright.py
[1.693s] * ./test/test_pep257.py
[1.693s] * ./naodriver/__init__.py
[1.693s] * ./naodriver/my_robot_driver.py
[1.694s] * ./install/_local_setup_util_sh.py
[1.694s] * ./install/_local_setup_util_ps1.py
[1.694s] * ./install/naodriver/lib/python3.10/site-packages/naodriver/__init__.py
[1.694s] * ./install/naodriver/lib/python3.10/site-packages/naodriver/my_robot_driver.py
[1.694s] * ./install/naodriver/share/naodriver/robot_launch.py
[1.694s] * ./launch/robot_launch.py
[1.694s] * ./build/naodriver/prefix_override/sitecustomize.py
[1.694s] * ./build/naodriver/build/lib/naodriver/__init__.py
[1.694s] * ./build/naodriver/build/lib/naodriver/my_robot_driver.py
[1.694s] ----------------------------- Captured stderr call -----------------------------
[1.694s] option --max-complexity: please update from optparse string `type=` to argparse callable `type=` -- this will be an error in the future
[1.694s] - generated xml file: /home/abubakar/nao_drive/naodriver/build/naodriver/pytest.xml -
[1.694s] =========================== short test summary info ============================
[1.694s] FAILED test/test_flake8.py::test_flake8 - AssertionError: Found 34 code style...
[1.694s] [31m============== [31m[1m1 failed[0m, [32m1 passed[0m, [33m1 skipped[0m, [33m2 warnings[0m[31m in 0.70s[0m[31m ==============[0m
[1.695s] [33m=============================== warnings summary ===============================[0m
[1.695s] test/test_flake8.py::test_flake8
[1.695s] test/test_flake8.py::test_flake8
[1.695s]   Warning: SelectableGroups dict interface is deprecated. Use select.
[1.695s] 
[1.695s] -- Docs: https://docs.pytest.org/en/stable/warnings.html
[1.742s] Invoked command in '/home/abubakar/nao_drive/naodriver' returned '1': AMENT_PREFIX_PATH=/home/abubakar/nao_drive/naodriver/install/naodriver:${AMENT_PREFIX_PATH} PYTEST_ADDOPTS=--tb=short --junit-xml=/home/abubakar/nao_drive/naodriver/build/naodriver/pytest.xml --junit-prefix=naodriver -o cache_dir=/home/abubakar/nao_drive/naodriver/build/naodriver/.pytest_cache PYTHONPATH=/home/abubakar/nao_drive/naodriver/install/naodriver/lib/python3.10/site-packages:${PYTHONPATH} /usr/bin/python3 -m pytest
