[0.229s] Invoking command in '/home/abubakar/nao_drive/naodriver': PYTEST_ADDOPTS=--tb=short --junit-xml=/home/abubakar/nao_drive/naodriver/build/naodriver/pytest.xml --junit-prefix=naodriver -o cache_dir=/home/abubakar/nao_drive/naodriver/build/naodriver/.pytest_cache /usr/bin/python3 -m pytest
[0.476s] [1m============================= test session starts ==============================[0m
[0.476s] platform linux -- Python 3.10.6, pytest-6.2.5, py-1.10.0, pluggy-0.13.0
[0.480s] cachedir: build/naodriver/.pytest_cache
[0.480s] rootdir: /home/abubakar/nao_drive/naodriver
[0.480s] plugins: ament-lint-0.12.5, launch-testing-1.0.4, ament-pep257-0.12.5, ament-flake8-0.12.5, ament-xmllint-0.12.5, ament-copyright-0.12.5, launch-testing-ros-0.19.4, colcon-core-0.11.0, cov-3.0.0
[0.569s] [1mcollecting ... [0m[1m
[0.569s] collected 3 items                                                              [0m
[0.569s] 
[0.575s] test/test_copyright.py [33ms[0m[32m                                                 [ 33%][0m
[0.741s] test/test_flake8.py [31mF[0m[31m                                                    [ 66%][0m
[0.826s] test/test_pep257.py [32m.[0m[31m                                                    [100%][0m
[0.827s] 
[0.827s] =================================== FAILURES ===================================
[0.827s] [31m[1m_________________________________ test_flake8 __________________________________[0m
[0.827s] [1m[31mtest/test_flake8.py[0m:23: in test_flake8
[0.862s]     [94massert[39;49;00m rc == [94m0[39;49;00m, \
[0.862s] [1m[31mE   AssertionError: Found 30 code style errors / warnings:[0m
[0.862s] [1m[31mE     ./setup.py:8:49: E231 missing whitespace after ','[0m
[0.862s] [1m[31mE     ./setup.py:17:100: E501 line too long (106 > 99 characters)[0m
[0.863s] [1m[31mE     ./setup.py:24:27: W291 trailing whitespace[0m
[0.863s] [1m[31mE     ./setup.py:33:43: E231 missing whitespace after ':'[0m
[0.863s] [1m[31mE     ./naodriver/my_robot_driver.py:5:1: E303 too many blank lines (3)[0m
[0.863s] [1m[31mE     ./naodriver/my_robot_driver.py:13:5: E303 too many blank lines (2)[0m
[0.863s] [1m[31mE     ./naodriver/my_robot_driver.py:14:52: W292 no newline at end of file[0m
[0.863s] [1m[31mE     ./install/_local_setup_util_sh.py:14:100: E501 line too long (109 > 99 characters)[0m
[0.863s] [1m[31mE     ./install/_local_setup_util_sh.py:15:100: E501 line too long (124 > 99 characters)[0m
[0.863s] [1m[31mE     ./install/_local_setup_util_sh.py:16:100: E501 line too long (125 > 99 characters)[0m
[0.863s] [1m[31mE     ./install/naodriver/lib/python3.10/site-packages/naodriver/my_robot_driver.py:5:1: E303 too many blank lines (3)[0m
[0.863s] [1m[31mE     ./install/naodriver/lib/python3.10/site-packages/naodriver/my_robot_driver.py:13:5: E303 too many blank lines (2)[0m
[0.863s] [1m[31mE     ./install/naodriver/lib/python3.10/site-packages/naodriver/my_robot_driver.py:14:52: W292 no newline at end of file[0m
[0.864s] [1m[31mE     ./install/naodriver/share/naodriver/robot_launch.py:1:10: W291 trailing whitespace[0m
[0.864s] [1m[31mE     ./install/naodriver/share/naodriver/robot_launch.py:22:10: W291 trailing whitespace[0m
[0.864s] [1m[31mE     ./install/naodriver/share/naodriver/robot_launch.py:25:13: W291 trailing whitespace[0m
[0.864s] [1m[31mE     ./install/naodriver/share/naodriver/robot_launch.py:32:1: E303 too many blank lines (4)[0m
[0.864s] [1m[31mE     ./install/naodriver/share/naodriver/robot_launch.py:42:5: E303 too many blank lines (2)[0m
[0.864s] [1m[31mE     ./install/naodriver/share/naodriver/robot_launch.py:44:1: W293 blank line contains whitespace[0m
[0.864s] [1m[31mE     ./install/naodriver/share/naodriver/robot_launch.py:52:26: W292 no newline at end of file[0m
[0.864s] [1m[31mE     ./launch/robot_launch.py:1:10: W291 trailing whitespace[0m
[0.864s] [1m[31mE     ./launch/robot_launch.py:22:10: W291 trailing whitespace[0m
[0.864s] [1m[31mE     ./launch/robot_launch.py:25:13: W291 trailing whitespace[0m
[0.864s] [1m[31mE     ./launch/robot_launch.py:32:1: E303 too many blank lines (4)[0m
[0.865s] [1m[31mE     ./launch/robot_launch.py:42:5: E303 too many blank lines (2)[0m
[0.865s] [1m[31mE     ./launch/robot_launch.py:44:1: W293 blank line contains whitespace[0m
[0.865s] [1m[31mE     ./launch/robot_launch.py:52:26: W292 no newline at end of file[0m
[0.865s] [1m[31mE     ./build/naodriver/build/lib/naodriver/my_robot_driver.py:5:1: E303 too many blank lines (3)[0m
[0.865s] [1m[31mE     ./build/naodriver/build/lib/naodriver/my_robot_driver.py:13:5: E303 too many blank lines (2)[0m
[0.865s] [1m[31mE     ./build/naodriver/build/lib/naodriver/my_robot_driver.py:14:52: W292 no newline at end of file[0m
[0.865s] [1m[31mE   assert 1 == 0[0m
[0.865s] ----------------------------- Captured stdout call -----------------------------
[0.865s] 
[0.865s] ./setup.py:8:49: E231 missing whitespace after ','
[0.865s]     ('share/ament_index/resource_index/packages',['resource/' + package_name]),
[0.866s]                                                 ^
[0.866s] 
[0.866s] ./setup.py:17:100: E501 line too long (106 > 99 characters)
[0.866s]             data_files.append((os.path.join('share', package_name, path), [os.path.join(path, filename)]))
[0.866s]                                                                                                    ^
[0.866s] 
[0.866s] ./setup.py:24:27: W291 trailing whitespace
[0.866s]     data_files=data_files,   
[0.866s]                           ^
[0.866s] 
[0.866s] ./setup.py:33:43: E231 missing whitespace after ':'
[0.867s]         'launch.frontend.launch_extension':['launch_ros = launch_ros']
[0.867s]                                           ^
[0.867s] 
[0.867s] ./naodriver/my_robot_driver.py:5:1: E303 too many blank lines (3)
[0.867s] class MyRobotDriver:
[0.867s] ^
[0.867s] 
[0.867s] ./naodriver/my_robot_driver.py:13:5: E303 too many blank lines (2)
[0.867s]     def step(self):
[0.867s]     ^
[0.867s] 
[0.868s] ./naodriver/my_robot_driver.py:14:52: W292 no newline at end of file
[0.868s]         rclpy.spin_once(self.__node, timeout_sec=0)                                                   ^
[0.868s] 
[0.868s] ./install/_local_setup_util_sh.py:14:100: E501 line too long (109 > 99 characters)
[0.868s] FORMAT_STR_INVOKE_SCRIPT = 'COLCON_CURRENT_PREFIX="{prefix}" _colcon_prefix_sh_source_script "{script_path}"'
[0.868s]                                                                                                    ^
[0.868s] 
[0.868s] ./install/_local_setup_util_sh.py:15:100: E501 line too long (124 > 99 characters)
[0.868s] FORMAT_STR_REMOVE_LEADING_SEPARATOR = 'if [ "$(echo -n ${name} | head -c 1)" = ":" ]; then export {name}=${{{name}#?}} ; fi'
[0.868s]                                                                                                    ^
[0.868s] 
[0.869s] ./install/_local_setup_util_sh.py:16:100: E501 line too long (125 > 99 characters)
[0.869s] FORMAT_STR_REMOVE_TRAILING_SEPARATOR = 'if [ "$(echo -n ${name} | tail -c 1)" = ":" ]; then export {name}=${{{name}%?}} ; fi'
[0.869s]                                                                                                    ^
[0.869s] 
[0.869s] ./install/naodriver/lib/python3.10/site-packages/naodriver/my_robot_driver.py:5:1: E303 too many blank lines (3)
[0.869s] class MyRobotDriver:
[0.869s] ^
[0.869s] 
[0.869s] ./install/naodriver/lib/python3.10/site-packages/naodriver/my_robot_driver.py:13:5: E303 too many blank lines (2)
[0.869s]     def step(self):
[0.869s]     ^
[0.870s] 
[0.870s] ./install/naodriver/lib/python3.10/site-packages/naodriver/my_robot_driver.py:14:52: W292 no newline at end of file
[0.870s]         rclpy.spin_once(self.__node, timeout_sec=0)                                                   ^
[0.870s] 
[0.870s] ./install/naodriver/share/naodriver/robot_launch.py:1:10: W291 trailing whitespace
[0.870s] import os 
[0.870s]          ^
[0.870s] 
[0.870s] ./install/naodriver/share/naodriver/robot_launch.py:22:10: W291 trailing whitespace
[0.870s]         ] 
[0.870s]          ^
[0.871s] 
[0.871s] ./install/naodriver/share/naodriver/robot_launch.py:25:13: W291 trailing whitespace
[0.871s]     return [ 
[0.871s]             ^
[0.871s] 
[0.871s] ./install/naodriver/share/naodriver/robot_launch.py:32:1: E303 too many blank lines (4)
[0.871s] def generate_launch_description():
[0.871s] ^
[0.871s] 
[0.871s] ./install/naodriver/share/naodriver/robot_launch.py:42:5: E303 too many blank lines (2)
[0.871s]     return LaunchDescription([
[0.872s]     ^
[0.872s] 
[0.872s] ./install/naodriver/share/naodriver/robot_launch.py:44:1: W293 blank line contains whitespace
[0.872s]         
[0.872s] ^
[0.872s] 
[0.872s] ./install/naodriver/share/naodriver/robot_launch.py:52:26: W292 no newline at end of file
[0.872s]     ] + get_ros2_nodes())                         ^
[0.872s] 
[0.872s] ./launch/robot_launch.py:1:10: W291 trailing whitespace
[0.872s] import os 
[0.873s]          ^
[0.873s] 
[0.873s] ./launch/robot_launch.py:22:10: W291 trailing whitespace
[0.873s]         ] 
[0.873s]          ^
[0.873s] 
[0.873s] ./launch/robot_launch.py:25:13: W291 trailing whitespace
[0.873s]     return [ 
[0.873s]             ^
[0.873s] 
[0.873s] ./launch/robot_launch.py:32:1: E303 too many blank lines (4)
[0.874s] def generate_launch_description():
[0.874s] ^
[0.874s] 
[0.874s] ./launch/robot_launch.py:42:5: E303 too many blank lines (2)
[0.874s]     return LaunchDescription([
[0.874s]     ^
[0.874s] 
[0.874s] ./launch/robot_launch.py:44:1: W293 blank line contains whitespace
[0.874s]         
[0.874s] ^
[0.875s] 
[0.875s] ./launch/robot_launch.py:52:26: W292 no newline at end of file
[0.875s]     ] + get_ros2_nodes())                         ^
[0.875s] 
[0.875s] ./build/naodriver/build/lib/naodriver/my_robot_driver.py:5:1: E303 too many blank lines (3)
[0.875s] class MyRobotDriver:
[0.875s] ^
[0.875s] 
[0.875s] ./build/naodriver/build/lib/naodriver/my_robot_driver.py:13:5: E303 too many blank lines (2)
[0.875s]     def step(self):
[0.875s]     ^
[0.876s] 
[0.876s] ./build/naodriver/build/lib/naodriver/my_robot_driver.py:14:52: W292 no newline at end of file
[0.876s]         rclpy.spin_once(self.__node, timeout_sec=0)                                                   ^
[0.876s] 
[0.876s] 2     E231 missing whitespace after ','
[0.876s] 10    E303 too many blank lines (3)
[0.876s] 4     E501 line too long (109 > 99 characters)
[0.876s] 7     W291 trailing whitespace
[0.876s] 5     W292 no newline at end of file
[0.876s] 2     W293 blank line contains whitespace
[0.877s] 
[0.877s] 15 files checked
[0.877s] 30 errors
[0.877s] 
[0.877s] 'E'-type errors: 16
[0.877s] 'W'-type errors: 14
[0.877s] 
[0.877s] Checked files:
[0.877s] 
[0.877s] * ./setup.py
[0.878s] * ./test/test_flake8.py
[0.878s] * ./test/test_copyright.py
[0.878s] * ./test/test_pep257.py
[0.878s] * ./naodriver/__init__.py
[0.878s] * ./naodriver/my_robot_driver.py
[0.878s] * ./install/_local_setup_util_sh.py
[0.878s] * ./install/_local_setup_util_ps1.py
[0.878s] * ./install/naodriver/lib/python3.10/site-packages/naodriver/__init__.py
[0.878s] * ./install/naodriver/lib/python3.10/site-packages/naodriver/my_robot_driver.py
[0.878s] * ./install/naodriver/share/naodriver/robot_launch.py
[0.879s] * ./launch/robot_launch.py
[0.879s] * ./build/naodriver/prefix_override/sitecustomize.py
[0.879s] * ./build/naodriver/build/lib/naodriver/__init__.py
[0.879s] * ./build/naodriver/build/lib/naodriver/my_robot_driver.py
[0.879s] ----------------------------- Captured stderr call -----------------------------
[0.879s] option --max-complexity: please update from optparse string `type=` to argparse callable `type=` -- this will be an error in the future
[0.879s] - generated xml file: /home/abubakar/nao_drive/naodriver/build/naodriver/pytest.xml -
[0.879s] =========================== short test summary info ============================
[0.879s] FAILED test/test_flake8.py::test_flake8 - AssertionError: Found 30 code style...
[0.879s] [31m============== [31m[1m1 failed[0m, [32m1 passed[0m, [33m1 skipped[0m, [33m2 warnings[0m[31m in 0.39s[0m[31m ==============[0m
[0.880s] [33m=============================== warnings summary ===============================[0m
[0.880s] test/test_flake8.py::test_flake8
[0.880s] test/test_flake8.py::test_flake8
[0.880s]   Warning: SelectableGroups dict interface is deprecated. Use select.
[0.880s] 
[0.880s] -- Docs: https://docs.pytest.org/en/stable/warnings.html
[0.929s] Invoked command in '/home/abubakar/nao_drive/naodriver' returned '1': PYTEST_ADDOPTS=--tb=short --junit-xml=/home/abubakar/nao_drive/naodriver/build/naodriver/pytest.xml --junit-prefix=naodriver -o cache_dir=/home/abubakar/nao_drive/naodriver/build/naodriver/.pytest_cache /usr/bin/python3 -m pytest
