[0.227s] Invoking command in '/home/abubakar/nao_drive/naodriver': PYTEST_ADDOPTS=--tb=short --junit-xml=/home/abubakar/nao_drive/naodriver/build/naodriver/pytest.xml --junit-prefix=naodriver -o cache_dir=/home/abubakar/nao_drive/naodriver/build/naodriver/.pytest_cache /usr/bin/python3 -m pytest
[0.472s] [1m============================= test session starts ==============================[0m
[0.472s] platform linux -- Python 3.10.6, pytest-6.2.5, py-1.10.0, pluggy-0.13.0
[0.476s] cachedir: build/naodriver/.pytest_cache
[0.476s] rootdir: /home/abubakar/nao_drive/naodriver
[0.477s] plugins: ament-lint-0.12.5, launch-testing-1.0.4, ament-pep257-0.12.5, ament-flake8-0.12.5, ament-xmllint-0.12.5, ament-copyright-0.12.5, launch-testing-ros-0.19.4, colcon-core-0.11.0, cov-3.0.0
[0.562s] [1mcollecting ... [0m[1m
[0.562s] collected 3 items                                                              [0m
[0.563s] 
[0.568s] test/test_copyright.py [33ms[0m[32m                                                 [ 33%][0m
[0.765s] test/test_flake8.py [31mF[0m[31m                                                    [ 66%][0m
[0.847s] test/test_pep257.py [32m.[0m[31m                                                    [100%][0m
[0.847s] 
[0.847s] =================================== FAILURES ===================================
[0.847s] [31m[1m_________________________________ test_flake8 __________________________________[0m
[0.847s] [1m[31mtest/test_flake8.py[0m:23: in test_flake8
[0.882s]     [94massert[39;49;00m rc == [94m0[39;49;00m, \
[0.882s] [1m[31mE   AssertionError: Found 30 code style errors / warnings:[0m
[0.883s] [1m[31mE     ./setup.py:8:49: E231 missing whitespace after ','[0m
[0.883s] [1m[31mE     ./setup.py:17:100: E501 line too long (106 > 99 characters)[0m
[0.883s] [1m[31mE     ./setup.py:24:27: W291 trailing whitespace[0m
[0.883s] [1m[31mE     ./setup.py:33:43: E231 missing whitespace after ':'[0m
[0.883s] [1m[31mE     ./naodriver/my_robot_driver.py:5:1: E303 too many blank lines (3)[0m
[0.883s] [1m[31mE     ./naodriver/my_robot_driver.py:13:5: E303 too many blank lines (2)[0m
[0.883s] [1m[31mE     ./naodriver/my_robot_driver.py:14:52: W292 no newline at end of file[0m
[0.883s] [1m[31mE     ./install/_local_setup_util_sh.py:14:100: E501 line too long (109 > 99 characters)[0m
[0.883s] [1m[31mE     ./install/_local_setup_util_sh.py:15:100: E501 line too long (124 > 99 characters)[0m
[0.883s] [1m[31mE     ./install/_local_setup_util_sh.py:16:100: E501 line too long (125 > 99 characters)[0m
[0.883s] [1m[31mE     ./install/naodriver/lib/python3.10/site-packages/naodriver/my_robot_driver.py:5:1: E303 too many blank lines (3)[0m
[0.883s] [1m[31mE     ./install/naodriver/lib/python3.10/site-packages/naodriver/my_robot_driver.py:13:5: E303 too many blank lines (2)[0m
[0.883s] [1m[31mE     ./install/naodriver/lib/python3.10/site-packages/naodriver/my_robot_driver.py:14:52: W292 no newline at end of file[0m
[0.883s] [1m[31mE     ./install/naodriver/share/naodriver/robot_launch.py:1:10: W291 trailing whitespace[0m
[0.883s] [1m[31mE     ./install/naodriver/share/naodriver/robot_launch.py:22:10: W291 trailing whitespace[0m
[0.883s] [1m[31mE     ./install/naodriver/share/naodriver/robot_launch.py:25:13: W291 trailing whitespace[0m
[0.883s] [1m[31mE     ./install/naodriver/share/naodriver/robot_launch.py:32:1: E303 too many blank lines (4)[0m
[0.884s] [1m[31mE     ./install/naodriver/share/naodriver/robot_launch.py:42:5: E303 too many blank lines (2)[0m
[0.884s] [1m[31mE     ./install/naodriver/share/naodriver/robot_launch.py:44:1: W293 blank line contains whitespace[0m
[0.884s] [1m[31mE     ./install/naodriver/share/naodriver/robot_launch.py:52:26: W292 no newline at end of file[0m
[0.884s] [1m[31mE     ./launch/robot_launch.py:1:10: W291 trailing whitespace[0m
[0.884s] [1m[31mE     ./launch/robot_launch.py:22:10: W291 trailing whitespace[0m
[0.884s] [1m[31mE     ./launch/robot_launch.py:25:13: W291 trailing whitespace[0m
[0.884s] [1m[31mE     ./launch/robot_launch.py:32:1: E303 too many blank lines (4)[0m
[0.884s] [1m[31mE     ./launch/robot_launch.py:42:5: E303 too many blank lines (2)[0m
[0.884s] [1m[31mE     ./launch/robot_launch.py:44:1: W293 blank line contains whitespace[0m
[0.884s] [1m[31mE     ./launch/robot_launch.py:52:26: W292 no newline at end of file[0m
[0.884s] [1m[31mE     ./build/naodriver/build/lib/naodriver/my_robot_driver.py:5:1: E303 too many blank lines (3)[0m
[0.884s] [1m[31mE     ./build/naodriver/build/lib/naodriver/my_robot_driver.py:13:5: E303 too many blank lines (2)[0m
[0.884s] [1m[31mE     ./build/naodriver/build/lib/naodriver/my_robot_driver.py:14:52: W292 no newline at end of file[0m
[0.884s] [1m[31mE   assert 1 == 0[0m
[0.884s] ----------------------------- Captured stdout call -----------------------------
[0.884s] 
[0.884s] ./setup.py:8:49: E231 missing whitespace after ','
[0.884s]     ('share/ament_index/resource_index/packages',['resource/' + package_name]),
[0.885s]                                                 ^
[0.885s] 
[0.885s] ./setup.py:17:100: E501 line too long (106 > 99 characters)
[0.885s]             data_files.append((os.path.join('share', package_name, path), [os.path.join(path, filename)]))
[0.885s]                                                                                                    ^
[0.885s] 
[0.885s] ./setup.py:24:27: W291 trailing whitespace
[0.885s]     data_files=data_files,   
[0.885s]                           ^
[0.885s] 
[0.885s] ./setup.py:33:43: E231 missing whitespace after ':'
[0.885s]         'launch.frontend.launch_extension':['launch_ros = launch_ros']
[0.885s]                                           ^
[0.885s] 
[0.885s] ./naodriver/my_robot_driver.py:5:1: E303 too many blank lines (3)
[0.885s] class MyRobotDriver:
[0.885s] ^
[0.886s] 
[0.886s] ./naodriver/my_robot_driver.py:13:5: E303 too many blank lines (2)
[0.886s]     def step(self):
[0.886s]     ^
[0.886s] 
[0.886s] ./naodriver/my_robot_driver.py:14:52: W292 no newline at end of file
[0.886s]         rclpy.spin_once(self.__node, timeout_sec=0)                                                   ^
[0.886s] 
[0.886s] ./install/_local_setup_util_sh.py:14:100: E501 line too long (109 > 99 characters)
[0.886s] FORMAT_STR_INVOKE_SCRIPT = 'COLCON_CURRENT_PREFIX="{prefix}" _colcon_prefix_sh_source_script "{script_path}"'
[0.886s]                                                                                                    ^
[0.886s] 
[0.886s] ./install/_local_setup_util_sh.py:15:100: E501 line too long (124 > 99 characters)
[0.886s] FORMAT_STR_REMOVE_LEADING_SEPARATOR = 'if [ "$(echo -n ${name} | head -c 1)" = ":" ]; then export {name}=${{{name}#?}} ; fi'
[0.886s]                                                                                                    ^
[0.886s] 
[0.886s] ./install/_local_setup_util_sh.py:16:100: E501 line too long (125 > 99 characters)
[0.886s] FORMAT_STR_REMOVE_TRAILING_SEPARATOR = 'if [ "$(echo -n ${name} | tail -c 1)" = ":" ]; then export {name}=${{{name}%?}} ; fi'
[0.887s]                                                                                                    ^
[0.887s] 
[0.887s] ./install/naodriver/lib/python3.10/site-packages/naodriver/my_robot_driver.py:5:1: E303 too many blank lines (3)
[0.887s] class MyRobotDriver:
[0.887s] ^
[0.887s] 
[0.887s] ./install/naodriver/lib/python3.10/site-packages/naodriver/my_robot_driver.py:13:5: E303 too many blank lines (2)
[0.887s]     def step(self):
[0.887s]     ^
[0.887s] 
[0.887s] ./install/naodriver/lib/python3.10/site-packages/naodriver/my_robot_driver.py:14:52: W292 no newline at end of file
[0.887s]         rclpy.spin_once(self.__node, timeout_sec=0)                                                   ^
[0.887s] 
[0.887s] ./install/naodriver/share/naodriver/robot_launch.py:1:10: W291 trailing whitespace
[0.887s] import os 
[0.887s]          ^
[0.887s] 
[0.887s] ./install/naodriver/share/naodriver/robot_launch.py:22:10: W291 trailing whitespace
[0.888s]         ] 
[0.888s]          ^
[0.888s] 
[0.888s] ./install/naodriver/share/naodriver/robot_launch.py:25:13: W291 trailing whitespace
[0.888s]     return [ 
[0.888s]             ^
[0.888s] 
[0.888s] ./install/naodriver/share/naodriver/robot_launch.py:32:1: E303 too many blank lines (4)
[0.888s] def generate_launch_description():
[0.888s] ^
[0.888s] 
[0.888s] ./install/naodriver/share/naodriver/robot_launch.py:42:5: E303 too many blank lines (2)
[0.888s]     return LaunchDescription([
[0.888s]     ^
[0.888s] 
[0.888s] ./install/naodriver/share/naodriver/robot_launch.py:44:1: W293 blank line contains whitespace
[0.888s]         
[0.888s] ^
[0.889s] 
[0.889s] ./install/naodriver/share/naodriver/robot_launch.py:52:26: W292 no newline at end of file
[0.889s]     ] + get_ros2_nodes())                         ^
[0.889s] 
[0.889s] ./launch/robot_launch.py:1:10: W291 trailing whitespace
[0.889s] import os 
[0.889s]          ^
[0.889s] 
[0.889s] ./launch/robot_launch.py:22:10: W291 trailing whitespace
[0.889s]         ] 
[0.889s]          ^
[0.889s] 
[0.889s] ./launch/robot_launch.py:25:13: W291 trailing whitespace
[0.889s]     return [ 
[0.889s]             ^
[0.889s] 
[0.889s] ./launch/robot_launch.py:32:1: E303 too many blank lines (4)
[0.890s] def generate_launch_description():
[0.890s] ^
[0.890s] 
[0.890s] ./launch/robot_launch.py:42:5: E303 too many blank lines (2)
[0.890s]     return LaunchDescription([
[0.890s]     ^
[0.890s] 
[0.890s] ./launch/robot_launch.py:44:1: W293 blank line contains whitespace
[0.890s]         
[0.890s] ^
[0.890s] 
[0.890s] ./launch/robot_launch.py:52:26: W292 no newline at end of file
[0.890s]     ] + get_ros2_nodes())                         ^
[0.890s] 
[0.890s] ./build/naodriver/build/lib/naodriver/my_robot_driver.py:5:1: E303 too many blank lines (3)
[0.890s] class MyRobotDriver:
[0.890s] ^
[0.891s] 
[0.891s] ./build/naodriver/build/lib/naodriver/my_robot_driver.py:13:5: E303 too many blank lines (2)
[0.891s]     def step(self):
[0.891s]     ^
[0.891s] 
[0.891s] ./build/naodriver/build/lib/naodriver/my_robot_driver.py:14:52: W292 no newline at end of file
[0.891s]         rclpy.spin_once(self.__node, timeout_sec=0)                                                   ^
[0.891s] 
[0.891s] 2     E231 missing whitespace after ','
[0.891s] 10    E303 too many blank lines (3)
[0.891s] 4     E501 line too long (109 > 99 characters)
[0.891s] 7     W291 trailing whitespace
[0.891s] 5     W292 no newline at end of file
[0.891s] 2     W293 blank line contains whitespace
[0.891s] 
[0.891s] 15 files checked
[0.891s] 30 errors
[0.891s] 
[0.892s] 'E'-type errors: 16
[0.892s] 'W'-type errors: 14
[0.892s] 
[0.892s] Checked files:
[0.892s] 
[0.892s] * ./setup.py
[0.892s] * ./test/test_flake8.py
[0.892s] * ./test/test_copyright.py
[0.892s] * ./test/test_pep257.py
[0.892s] * ./naodriver/__init__.py
[0.892s] * ./naodriver/my_robot_driver.py
[0.892s] * ./install/_local_setup_util_sh.py
[0.892s] * ./install/_local_setup_util_ps1.py
[0.892s] * ./install/naodriver/lib/python3.10/site-packages/naodriver/__init__.py
[0.892s] * ./install/naodriver/lib/python3.10/site-packages/naodriver/my_robot_driver.py
[0.892s] * ./install/naodriver/share/naodriver/robot_launch.py
[0.892s] * ./launch/robot_launch.py
[0.892s] * ./build/naodriver/prefix_override/sitecustomize.py
[0.892s] * ./build/naodriver/build/lib/naodriver/__init__.py
[0.893s] * ./build/naodriver/build/lib/naodriver/my_robot_driver.py
[0.893s] ----------------------------- Captured stderr call -----------------------------
[0.893s] option --max-complexity: please update from optparse string `type=` to argparse callable `type=` -- this will be an error in the future
[0.893s] - generated xml file: /home/abubakar/nao_drive/naodriver/build/naodriver/pytest.xml -
[0.893s] =========================== short test summary info ============================
[0.893s] FAILED test/test_flake8.py::test_flake8 - AssertionError: Found 30 code style...
[0.893s] [31m============== [31m[1m1 failed[0m, [32m1 passed[0m, [33m1 skipped[0m, [33m2 warnings[0m[31m in 0.41s[0m[31m ==============[0m
[0.893s] [33m=============================== warnings summary ===============================[0m
[0.893s] test/test_flake8.py::test_flake8
[0.893s] test/test_flake8.py::test_flake8
[0.893s]   Warning: SelectableGroups dict interface is deprecated. Use select.
[0.893s] 
[0.893s] -- Docs: https://docs.pytest.org/en/stable/warnings.html
[0.947s] Invoked command in '/home/abubakar/nao_drive/naodriver' returned '1': PYTEST_ADDOPTS=--tb=short --junit-xml=/home/abubakar/nao_drive/naodriver/build/naodriver/pytest.xml --junit-prefix=naodriver -o cache_dir=/home/abubakar/nao_drive/naodriver/build/naodriver/.pytest_cache /usr/bin/python3 -m pytest
